<?xml version="1.0" encoding="UTF-8"?>
<testng-results skipped="0" failed="0" total="2" passed="2">
  <reporter-output>
  </reporter-output>
  <suite name="Suite" duration-ms="59347" started-at="2021-09-10T11:40:30Z" finished-at="2021-09-10T11:41:29Z">
    <groups>
    </groups>
    <test name="chrome" duration-ms="43974" started-at="2021-09-10T11:40:30Z" finished-at="2021-09-10T11:41:14Z">
      <class name="grid.GridEg2">
        <test-method status="PASS" signature="grid_ops(java.lang.String, java.lang.String)[pri:0, instance:grid.GridEg2@19bb089b]" name="grid_ops" duration-ms="43880" started-at="2021-09-10T17:10:30Z" finished-at="2021-09-10T17:11:14Z">
          <params>
            <param index="0">
              <value>
                <![CDATA[chrome]]>
              </value>
            </param>
            <param index="1">
              <value>
                <![CDATA[windows]]>
              </value>
            </param>
          </params>
          <reporter-output>
          </reporter-output>
        </test-method> <!-- grid_ops -->
      </class> <!-- grid.GridEg2 -->
    </test> <!-- chrome -->
    <test name="firefox" duration-ms="59347" started-at="2021-09-10T11:40:30Z" finished-at="2021-09-10T11:41:29Z">
      <class name="grid.GridEg2">
        <test-method status="PASS" signature="grid_ops(java.lang.String, java.lang.String)[pri:0, instance:grid.GridEg2@61443d8f]" name="grid_ops" duration-ms="59267" started-at="2021-09-10T17:10:30Z" finished-at="2021-09-10T17:11:29Z">
          <params>
            <param index="0">
              <value>
                <![CDATA[firefox]]>
              </value>
            </param>
            <param index="1">
              <value>
                <![CDATA[windows]]>
              </value>
            </param>
          </params>
          <reporter-output>
          </reporter-output>
        </test-method> <!-- grid_ops -->
      </class> <!-- grid.GridEg2 -->
    </test> <!-- firefox -->
  </suite> <!-- Suite -->
</testng-results>
