<?xml version="1.0" encoding="UTF-8"?>
<!-- Generated by org.testng.reporters.JUnitXMLReporter -->
<testsuite hostname="DESKTOP-ASB5QBL" name="Test" tests="2" failures="1" timestamp="7 Sep 2021 06:59:41 GMT" time="21.473" errors="0">
  <testcase name="orgEmpReg" time="8.464" classname="testNG_ops.TestNG_EmpRegTC"/>
  <testcase name="orguserReg" time="0.002" classname="testNG_ops.TestNG_UserRegTC">
    <failure type="java.lang.NullPointerException">
      <![CDATA[java.lang.NullPointerException
	at testNG_ops.TestNG_UserRegTC.orguserReg(TestNG_UserRegTC.java:16)
... Removed 24 stack frames]]>
    </failure>
  </testcase> <!-- orguserReg -->
</testsuite> <!-- Test -->
